2015-11-28T22:48:16.580+0000 ** WARNING: --rest is specified without --httpinterface,
2015-11-28T22:48:16.581+0000 **          enabling http interface
warning: bind_ip of 0.0.0.0 is unnecessary; listens on all ips by default
2015-11-28T22:48:16.678+0000 [initandlisten] MongoDB starting : pid=84436 port=27017 dbpath=data 64-bit host=akad1070-ipl_cloud-1986015
2015-11-28T22:48:16.678+0000 [initandlisten] db version v2.6.9
2015-11-28T22:48:16.678+0000 [initandlisten] git version: df313bc75aa94d192330cb92756fc486ea604e64
2015-11-28T22:48:16.678+0000 [initandlisten] build info: Linux build20.nj1.10gen.cc 2.6.32-431.3.1.el6.x86_64 #1 SMP Fri Jan 3 21:39:27 UTC 2014 x86_64 BOOST_LIB_VERSION=1_49
2015-11-28T22:48:16.678+0000 [initandlisten] allocator: tcmalloc
2015-11-28T22:48:16.678+0000 [initandlisten] options: { net: { bindIp: "0.0.0.0", http: { RESTInterfaceEnabled: true, enabled: true } }, storage: { dbPath: "data", journal: { enabled: false } } }
2015-11-28T22:48:16.685+0000 [initandlisten] ERROR: listen(): bind() failed errno:98 Address already in use for socket: 0.0.0.0:27017
2015-11-28T22:48:16.685+0000 [initandlisten] ERROR:   addr already in use
2015-11-28T22:48:16.686+0000 [websvr] ERROR: listen(): bind() failed errno:98 Address already in use for socket: 0.0.0.0:28017
2015-11-28T22:48:16.686+0000 [websvr] ERROR:   addr already in use
2015-11-28T22:48:16.687+0000 [initandlisten] now exiting
2015-11-28T22:48:16.687+0000 [initandlisten] dbexit: 
2015-11-28T22:48:16.687+0000 [initandlisten] shutdown: going to close listening sockets...
2015-11-28T22:48:16.687+0000 [initandlisten] shutdown: going to flush diaglog...
2015-11-28T22:48:16.687+0000 [initandlisten] shutdown: going to close sockets...
2015-11-28T22:48:16.687+0000 [initandlisten] shutdown: waiting for fs preallocator...
2015-11-28T22:48:16.688+0000 [initandlisten] shutdown: closing all files...
2015-11-28T22:48:16.688+0000 [initandlisten] closeAllFiles() finished
2015-11-28T22:48:16.688+0000 [initandlisten] shutdown: removing fs lock...
2015-11-28T22:48:16.688+0000 [initandlisten] dbexit: really exiting now
2015-11-28T22:49:03.733+0000 ** WARNING: --rest is specified without --httpinterface,
2015-11-28T22:49:03.733+0000 **          enabling http interface
warning: bind_ip of 0.0.0.0 is unnecessary; listens on all ips by default
2015-11-28T22:49:03.876+0000 [initandlisten] MongoDB starting : pid=84464 port=27017 dbpath=data 64-bit host=akad1070-ipl_cloud-1986015
2015-11-28T22:49:03.876+0000 [initandlisten] db version v2.6.9
2015-11-28T22:49:03.876+0000 [initandlisten] git version: df313bc75aa94d192330cb92756fc486ea604e64
2015-11-28T22:49:03.876+0000 [initandlisten] build info: Linux build20.nj1.10gen.cc 2.6.32-431.3.1.el6.x86_64 #1 SMP Fri Jan 3 21:39:27 UTC 2014 x86_64 BOOST_LIB_VERSION=1_49
2015-11-28T22:49:03.877+0000 [initandlisten] allocator: tcmalloc
2015-11-28T22:49:03.877+0000 [initandlisten] options: { net: { bindIp: "0.0.0.0", http: { RESTInterfaceEnabled: true, enabled: true } }, storage: { dbPath: "data", journal: { enabled: false } } }
2015-11-28T22:49:03.963+0000 [initandlisten] waiting for connections on port 27017
2015-11-28T22:49:03.963+0000 [websvr] admin web console waiting for connections on port 28017
2015-11-28T22:50:03.887+0000 [clientcursormon] mem (MB) res:76 virt:319
2015-11-28T22:50:03.887+0000 [clientcursormon]  mapped:160
2015-11-28T22:50:03.887+0000 [clientcursormon]  connections:0
